<?xml version="1.0" encoding="UTF-8"?>
<!-- Generated by org.testng.reporters.JUnitReportReporter -->
<testsuite hostname="Kieu-Nguyen" failures="0" tests="4" name="api.test.UserTest2" time="2.061" errors="0" timestamp="2024-12-02T22:21:09 EST" skipped="0">
  <testcase classname="api.test.UserTest2" name="testPostUser" time="1.544"/>
  <system-out/>
  <testcase classname="api.test.UserTest2" name="testGetUserByName" time="0.159"/>
  <system-out/>
  <testcase classname="api.test.UserTest2" name="testUpdateUserByName" time="0.241"/>
  <system-out/>
  <testcase classname="api.test.UserTest2" name="testDeleteUserByName" time="0.117"/>
  <system-out/>
</testsuite> <!-- api.test.UserTest2 -->
