<?xml version="1.0" encoding="UTF-8"?>
<!-- Generated by org.testng.reporters.JUnitReportReporter -->
<testsuite hostname="Kieu-Nguyen" failures="0" tests="6" name="api.test.DDTest" time="1.970" errors="0" timestamp="2024-12-01T23:22:55 EST" skipped="0">
  <testcase classname="api.test.DDTest" name="testPostUser" time="0.332"/>
  <system-out/>
  <testcase classname="api.test.DDTest" name="testDeleteUserByName" time="0.121"/>
  <system-out/>
  <testcase classname="api.test.DDTest" name="testDeleteUserByName" time="0.126"/>
  <system-out/>
  <testcase classname="api.test.DDTest" name="testPostUser" time="0.119"/>
  <system-out/>
  <testcase classname="api.test.DDTest" name="testDeleteUserByName" time="1.134"/>
  <system-out/>
  <testcase classname="api.test.DDTest" name="testPostUser" time="0.138"/>
  <system-out/>
</testsuite> <!-- api.test.DDTest -->
